<?xml version="1.0" encoding="UTF-8"?>
<testng-results ignored="0" total="4" passed="4" failed="0" skipped="0">
  <reporter-output>
  </reporter-output>
  <suite started-at="2026-02-07T10:17:38 IST" name="Default suite" finished-at="2026-02-07T10:17:46 IST" duration-ms="8343">
    <groups>
    </groups>
    <test started-at="2026-02-07T10:17:38 IST" name="Default test" finished-at="2026-02-07T10:17:46 IST" duration-ms="8343">
      <class name="org.doximo.RestAssuredDemo">
        <test-method signature="getUser()[pri:1, instance:org.doximo.RestAssuredDemo@3e08ff24]" started-at="2026-02-07T10:17:38 IST" name="getUser" finished-at="2026-02-07T10:17:43 IST" duration-ms="5175" status="PASS">
          <reporter-output>
          </reporter-output>
        </test-method> <!-- getUser -->
        <test-method signature="createUser()[pri:2, instance:org.doximo.RestAssuredDemo@3e08ff24]" started-at="2026-02-07T10:17:43 IST" name="createUser" finished-at="2026-02-07T10:17:45 IST" duration-ms="1783" status="PASS">
          <reporter-output>
          </reporter-output>
        </test-method> <!-- createUser -->
        <test-method signature="updateUser()[pri:3, instance:org.doximo.RestAssuredDemo@3e08ff24]" started-at="2026-02-07T10:17:45 IST" name="updateUser" finished-at="2026-02-07T10:17:45 IST" duration-ms="417" status="PASS">
          <reporter-output>
          </reporter-output>
        </test-method> <!-- updateUser -->
        <test-method signature="deleteUser()[pri:4, instance:org.doximo.RestAssuredDemo@3e08ff24]" started-at="2026-02-07T10:17:45 IST" name="deleteUser" finished-at="2026-02-07T10:17:46 IST" duration-ms="820" status="PASS">
          <reporter-output>
          </reporter-output>
        </test-method> <!-- deleteUser -->
      </class> <!-- org.doximo.RestAssuredDemo -->
    </test> <!-- Default test -->
  </suite> <!-- Default suite -->
</testng-results>
