<?xml version="1.0" encoding="UTF-8"?>
<!-- Generated by org.testng.reporters.JUnitXMLReporter -->
<testsuite ignored="0" hostname="DESKTOP-DCLE9J5" failures="1" tests="6" name="Test" time="0.552" errors="0" timestamp="2026-01-21T09:08:49 IST">
  <testcase classname="org.doximo.Asser2" name="tc1" time="0.032"/>
  <testcase classname="org.doximo.Asser2" name="tc2" time="0.04">
    <skipped/>
  </testcase> <!-- tc2 -->
  <testcase classname="org.doximo.Asser2" name="tc2" time="0.012">
    <skipped/>
  </testcase> <!-- tc2 -->
  <testcase classname="org.doximo.Asser2" name="tc2" time="0.01">
    <skipped/>
  </testcase> <!-- tc2 -->
  <testcase classname="org.doximo.Asser2" name="tc2" time="0.016">
    <failure type="java.lang.AssertionError">
      <![CDATA[java.lang.AssertionError
at org.junit.Assert.fail(Assert.java:87)
at org.junit.Assert.assertTrue(Assert.java:42)
at org.junit.Assert.assertTrue(Assert.java:53)
at org.doximo.Asser2.tc2(Asser2.java:15)
at java.base/java.util.ArrayList.forEach(ArrayList.java:1541)
... Removed 27 stack frames]]>
    </failure>
  </testcase> <!-- tc2 -->
  <testcase classname="org.doximo.Asser2" name="tc3" time="0.02"/>
</testsuite> <!-- Test -->
