<?xml version="1.0" encoding="UTF-8"?>
<!-- Generated by org.testng.reporters.JUnitXMLReporter -->
<testsuite ignored="2" hostname="DESKTOP-DCLE9J5" failures="0" tests="1" name="Default test(failed)(failed)(failed)" time="0.125" errors="0" timestamp="2026-01-20T09:31:57 IST">
  <testcase classname="org.doximo.Asser2" name="tc2" time="0.023"/>
  <testcase classname="org.doximo.Asser2" name="tc1" time="0.0">
    <ignored/>
  </testcase> <!-- tc1 -->
  <testcase classname="org.doximo.Asser2" name="tc3" time="0.0">
    <ignored/>
  </testcase> <!-- tc3 -->
</testsuite> <!-- Default test(failed)(failed)(failed) -->
