<?xml version="1.0" encoding="UTF-8"?>
<!-- Generated by org.testng.reporters.JUnitReportReporter -->
<testsuite hostname="DESKTOP-DCLE9J5" failures="0" tests="3" name="org.doximo.Asser3" time="0.021" errors="0" timestamp="2026-01-20T09:10:20 IST" skipped="0">
  <testcase classname="org.doximo.Asser3" name="tc9" time="0.012"/>
  <testcase classname="org.doximo.Asser3" name="tc7" time="0.003"/>
  <testcase classname="org.doximo.Asser3" name="tc8" time="0.006"/>
</testsuite> <!-- org.doximo.Asser3 -->
