<?xml version="1.0" encoding="UTF-8"?>
<!-- Generated by org.testng.reporters.JUnitReportReporter -->
<testsuite hostname="DESKTOP-DCLE9J5" failures="0" tests="4" name="org.doximo.RestAssuredDemo" time="8.195" errors="0" timestamp="2026-02-07T10:17:47 IST" skipped="0">
  <testcase classname="org.doximo.RestAssuredDemo" name="getUser" time="5.175"/>
  <testcase classname="org.doximo.RestAssuredDemo" name="createUser" time="1.783"/>
  <testcase classname="org.doximo.RestAssuredDemo" name="updateUser" time="0.417"/>
  <testcase classname="org.doximo.RestAssuredDemo" name="deleteUser" time="0.820"/>
</testsuite> <!-- org.doximo.RestAssuredDemo -->
