<?xml version="1.0" encoding="UTF-8"?>
<!-- Generated by org.testng.reporters.JUnitXMLReporter -->
<testsuite ignored="0" hostname="DESKTOP-DCLE9J5" failures="0" tests="4" name="Default test" time="8.343" errors="0" timestamp="2026-02-07T10:17:46 IST">
  <testcase classname="org.doximo.RestAssuredDemo" name="getUser" time="5.175"/>
  <testcase classname="org.doximo.RestAssuredDemo" name="createUser" time="1.783"/>
  <testcase classname="org.doximo.RestAssuredDemo" name="updateUser" time="0.417"/>
  <testcase classname="org.doximo.RestAssuredDemo" name="deleteUser" time="0.82"/>
</testsuite> <!-- Default test -->
